Using pre-set license
Built from '2020.3/release' branch; Version is '2020.3.15f2 (6cf78cb77498) revision 7141260'; Using compiler version '192528614'; Build Type 'Release'
OS: 'Windows 10 Pro; OS build 22000.194; Version 2009; 64bit' Language: 'pt' Physical Memory: 31649 MB
BatchMode: 1, IsHumanControllingUs: 0, StartBugReporterOnCrash: 0, Is64bit: 1, IsPro: 0

 COMMAND LINE ARGUMENTS:
C:\Program Files\Unity\Hub\Editor\2020.3.15f2\Editor\Unity.exe
-adb2
-batchMode
-noUpm
-name
AssetImportWorker0
-projectPath
E:/Users/Arthur/GitHub/AbSolitudeV5271OSaneador
-logFile
Logs/AssetImportWorker0.log
-srvPort
5105
Successfully changed project path to: E:/Users/Arthur/GitHub/AbSolitudeV5271OSaneador
E:/Users/Arthur/GitHub/AbSolitudeV5271OSaneador
Using Asset Import Pipeline V2.
Refreshing native plugins compatible for Editor in 30.41 ms, found 2 plugins.
Preloading 0 native plugins for Editor in 0.00 ms.
Initialize engine version: 2020.3.15f2 (6cf78cb77498)
[Subsystems] Discovering subsystems at path C:/Program Files/Unity/Hub/Editor/2020.3.15f2/Editor/Data/Resources/UnitySubsystems
[Subsystems] Discovering subsystems at path E:/Users/Arthur/GitHub/AbSolitudeV5271OSaneador/Assets
GfxDevice: creating device client; threaded=0
Direct3D:
    Version:  Direct3D 11.0 [level 11.1]
    Renderer: NVIDIA GeForce RTX 2060 (ID=0x1e89)
    Vendor:   
    VRAM:     5968 MB
    Driver:   30.0.14.7212
Initialize mono
Mono path[0] = 'C:/Program Files/Unity/Hub/Editor/2020.3.15f2/Editor/Data/Managed'
Mono path[1] = 'C:/Program Files/Unity/Hub/Editor/2020.3.15f2/Editor/Data/MonoBleedingEdge/lib/mono/unityjit'
Mono config path = 'C:/Program Files/Unity/Hub/Editor/2020.3.15f2/Editor/Data/MonoBleedingEdge/etc'
Using monoOptions --debugger-agent=transport=dt_socket,embedding=1,server=y,suspend=n,address=127.0.0.1:56596
Begin MonoManager ReloadAssembly
Registering precompiled unity dll's ...
Register platform support module: C:/Program Files/Unity/Hub/Editor/2020.3.15f2/Editor/Data/PlaybackEngines/WindowsStandaloneSupport/UnityEditor.WindowsStandalone.Extensions.dll
Registered in 0.001030 seconds.
Native extension for WindowsStandalone target not found
Refreshing native plugins compatible for Editor in 28.41 ms, found 2 plugins.
Preloading 0 native plugins for Editor in 0.00 ms.
Mono: successfully reloaded assembly
- Completed reload, in  1.205 seconds
Domain Reload Profiling:
	ReloadAssembly (1205ms)
		BeginReloadAssembly (38ms)
			ExecutionOrderSort (0ms)
			DisableScriptedObjects (0ms)
			BackupInstance (0ms)
			ReleaseScriptingObjects (0ms)
			CreateAndSetChildDomain (1ms)
		EndReloadAssembly (315ms)
			LoadAssemblies (36ms)
			RebuildTransferFunctionScriptingTraits (0ms)
			SetupTypeCache (116ms)
			ReleaseScriptCaches (0ms)
			RebuildScriptCaches (23ms)
			SetupLoadedEditorAssemblies (125ms)
				LogAssemblyErrors (0ms)
				InitializePlatformSupportModulesInManaged (3ms)
				SetLoadedEditorAssemblies (0ms)
				RefreshPlugins (28ms)
				BeforeProcessingInitializeOnLoad (11ms)
				ProcessInitializeOnLoadAttributes (61ms)
				ProcessInitializeOnLoadMethodAttributes (21ms)
				AfterProcessingInitializeOnLoad (0ms)
				EditorAssembliesLoaded (0ms)
			ExecutionOrderSort2 (0ms)
			AwakeInstancesAfterBackupRestoration (0ms)
Platform modules already initialized, skipping
Registering precompiled user dll's ...
Registered in 0.003706 seconds.
Begin MonoManager ReloadAssembly
Native extension for WindowsStandalone target not found
Refreshing native plugins compatible for Editor in 0.43 ms, found 2 plugins.
Preloading 0 native plugins for Editor in 0.00 ms.
Mono: successfully reloaded assembly
- Completed reload, in  1.044 seconds
Domain Reload Profiling:
	ReloadAssembly (1044ms)
		BeginReloadAssembly (107ms)
			ExecutionOrderSort (0ms)
			DisableScriptedObjects (3ms)
			BackupInstance (0ms)
			ReleaseScriptingObjects (0ms)
			CreateAndSetChildDomain (14ms)
		EndReloadAssembly (893ms)
			LoadAssemblies (67ms)
			RebuildTransferFunctionScriptingTraits (0ms)
			SetupTypeCache (255ms)
			ReleaseScriptCaches (0ms)
			RebuildScriptCaches (41ms)
			SetupLoadedEditorAssemblies (456ms)
				LogAssemblyErrors (0ms)
				InitializePlatformSupportModulesInManaged (3ms)
				SetLoadedEditorAssemblies (0ms)
				RefreshPlugins (0ms)
				BeforeProcessingInitializeOnLoad (62ms)
				ProcessInitializeOnLoadAttributes (382ms)
				ProcessInitializeOnLoadMethodAttributes (4ms)
				AfterProcessingInitializeOnLoad (3ms)
				EditorAssembliesLoaded (0ms)
			ExecutionOrderSort2 (0ms)
			AwakeInstancesAfterBackupRestoration (5ms)
Platform modules already initialized, skipping
========================================================================
Worker process is ready to serve import requests
Launched and connected shader compiler UnityShaderCompiler.exe after 0.02 seconds
Refreshing native plugins compatible for Editor in 0.40 ms, found 2 plugins.
Preloading 0 native plugins for Editor in 0.00 ms.
Unloading 2200 Unused Serialized files (Serialized files now loaded: 0)
System memory in use before: 105.9 MB.
System memory in use after: 106.0 MB.

Unloading 34 unused Assets to reduce memory usage. Loaded Objects now: 2622.
Total: 2.105900 ms (FindLiveObjects: 0.180600 ms CreateObjectMapping: 0.079600 ms MarkObjects: 1.779900 ms  DeleteObjects: 0.065000 ms)

AssetImportParameters requested are different than current active one (requested -> active):
  custom:framework-win-MediaFoundation: 216162199b28c13a410421893ffa2e32 -> 
  custom:video-decoder-ogg-theora: a1e56fd34408186e4bbccfd4996cb3dc -> 
  custom:container-muxer-webm: aa71ff27fc2769a1b78a27578f13a17b -> 
  custom:container-demuxer-webm: 4f35f7cbe854078d1ac9338744f61a02 -> 
  custom:container-demuxer-ogg: 62fdf1f143b41e24485cea50d1cbac27 -> 
  custom:video-encoder-webm-vp8: eb34c28f22e8b96e1ab97ce403110664 -> 
  custom:video-decoder-webm-vp8: 9c59270c3fd7afecdb556c50c9e8de78 -> 
  custom:audio-decoder-ogg-vorbis: bf7c407c2cedff20999df2af8eb42d56 -> 
  custom:audio-encoder-webm-vorbis: bf7c407c2cedff20999df2af8eb42d56 -> 
========================================================================
Received Import Request.
  path: Assets/Resources/AKCondinoO/Plants/Cnidoscolus_quercifolius/Cnidoscolus_quercifolius.prefab
  artifactKey: Guid(dfc4758523511e94788046905b90cabb) Importer(815301076,1909f56bfc062723c751e8b465ee728b)
Start importing Assets/Resources/AKCondinoO/Plants/Cnidoscolus_quercifolius/Cnidoscolus_quercifolius.prefab using Guid(dfc4758523511e94788046905b90cabb) Importer(815301076,1909f56bfc062723c751e8b465ee728b)  -> (artifact id: '75adc6fdb76f468eb76689d59158d04e') in 0.092465 seconds 
  Import took 0.095282 seconds .

========================================================================
Received Import Request.
  Time since last request: 329.510834 seconds.
  path: Assets/UMS_LODs/Cnidoscolus_quercifolius/Cnidoscolus_quercifolius_combined_static/02_unnamed.mesh
  artifactKey: Guid(ddc36500cf0aa1d46bd7126d539e78f1) Importer(815301076,1909f56bfc062723c751e8b465ee728b)
Start importing Assets/UMS_LODs/Cnidoscolus_quercifolius/Cnidoscolus_quercifolius_combined_static/02_unnamed.mesh using Guid(ddc36500cf0aa1d46bd7126d539e78f1) Importer(815301076,1909f56bfc062723c751e8b465ee728b)  -> (artifact id: 'ccd991c54b28b30af53d560579334259') in 0.027449 seconds 
  Import took 0.030850 seconds .

========================================================================
Received Import Request.
  Time since last request: 0.029709 seconds.
  path: Assets/UMS_LODs/Cnidoscolus_quercifolius/Cnidoscolus_quercifolius_combined_static/02_unnamed.mesh
  artifactKey: Guid(ddc36500cf0aa1d46bd7126d539e78f1) Importer(815301076,1909f56bfc062723c751e8b465ee728b)
Start importing Assets/UMS_LODs/Cnidoscolus_quercifolius/Cnidoscolus_quercifolius_combined_static/02_unnamed.mesh using Guid(ddc36500cf0aa1d46bd7126d539e78f1) Importer(815301076,1909f56bfc062723c751e8b465ee728b)  -> (artifact id: 'ccd991c54b28b30af53d560579334259') in 0.011922 seconds 
  Import took 0.014666 seconds .

========================================================================
Received Import Request.
  Time since last request: 283.114780 seconds.
  path: Assets/UMS_LODs/Cnidoscolus_quercifolius/Cnidoscolus_quercifolius_combined_static/02_unnamed.mesh
  artifactKey: Guid(ddc36500cf0aa1d46bd7126d539e78f1) Importer(815301076,1909f56bfc062723c751e8b465ee728b)
Start importing Assets/UMS_LODs/Cnidoscolus_quercifolius/Cnidoscolus_quercifolius_combined_static/02_unnamed.mesh using Guid(ddc36500cf0aa1d46bd7126d539e78f1) Importer(815301076,1909f56bfc062723c751e8b465ee728b)  -> (artifact id: '52fce158cccd6e062796f28603d05064') in 0.015240 seconds 
  Import took 0.018580 seconds .

========================================================================
Received Import Request.
  Time since last request: 0.023597 seconds.
  path: Assets/UMS_LODs/Cnidoscolus_quercifolius/Cnidoscolus_quercifolius_combined_static/02_unnamed.mesh
  artifactKey: Guid(ddc36500cf0aa1d46bd7126d539e78f1) Importer(815301076,1909f56bfc062723c751e8b465ee728b)
Start importing Assets/UMS_LODs/Cnidoscolus_quercifolius/Cnidoscolus_quercifolius_combined_static/02_unnamed.mesh using Guid(ddc36500cf0aa1d46bd7126d539e78f1) Importer(815301076,1909f56bfc062723c751e8b465ee728b)  -> (artifact id: '52fce158cccd6e062796f28603d05064') in 0.010164 seconds 
  Import took 0.013139 seconds .

========================================================================
Received Prepare
Registering precompiled user dll's ...
Registered in 0.003625 seconds.
Begin MonoManager ReloadAssembly
Native extension for WindowsStandalone target not found
Refreshing native plugins compatible for Editor in 0.42 ms, found 2 plugins.
Preloading 0 native plugins for Editor in 0.00 ms.
Mono: successfully reloaded assembly
- Completed reload, in  0.908 seconds
Domain Reload Profiling:
	ReloadAssembly (908ms)
		BeginReloadAssembly (93ms)
			ExecutionOrderSort (0ms)
			DisableScriptedObjects (3ms)
			BackupInstance (0ms)
			ReleaseScriptingObjects (0ms)
			CreateAndSetChildDomain (32ms)
		EndReloadAssembly (771ms)
			LoadAssemblies (66ms)
			RebuildTransferFunctionScriptingTraits (0ms)
			SetupTypeCache (251ms)
			ReleaseScriptCaches (1ms)
			RebuildScriptCaches (29ms)
			SetupLoadedEditorAssemblies (347ms)
				LogAssemblyErrors (0ms)
				InitializePlatformSupportModulesInManaged (4ms)
				SetLoadedEditorAssemblies (0ms)
				RefreshPlugins (0ms)
				BeforeProcessingInitializeOnLoad (56ms)
				ProcessInitializeOnLoadAttributes (279ms)
				ProcessInitializeOnLoadMethodAttributes (4ms)
				AfterProcessingInitializeOnLoad (3ms)
				EditorAssembliesLoaded (0ms)
			ExecutionOrderSort2 (0ms)
			AwakeInstancesAfterBackupRestoration (5ms)
Platform modules already initialized, skipping
Refreshing native plugins compatible for Editor in 0.44 ms, found 2 plugins.
Preloading 0 native plugins for Editor in 0.00 ms.
Unloading 2191 Unused Serialized files (Serialized files now loaded: 0)
System memory in use before: 108.6 MB.
System memory in use after: 108.7 MB.

Unloading 29 unused Assets to reduce memory usage. Loaded Objects now: 2634.
Total: 1.871800 ms (FindLiveObjects: 0.175600 ms CreateObjectMapping: 0.071900 ms MarkObjects: 1.606100 ms  DeleteObjects: 0.017400 ms)

AssetImportParameters requested are different than current active one (requested -> active):
  custom:framework-win-MediaFoundation: 216162199b28c13a410421893ffa2e32 -> 
  custom:video-decoder-ogg-theora: a1e56fd34408186e4bbccfd4996cb3dc -> 
  custom:container-muxer-webm: aa71ff27fc2769a1b78a27578f13a17b -> 
  custom:container-demuxer-webm: 4f35f7cbe854078d1ac9338744f61a02 -> 
  custom:container-demuxer-ogg: 62fdf1f143b41e24485cea50d1cbac27 -> 
  custom:video-encoder-webm-vp8: eb34c28f22e8b96e1ab97ce403110664 -> 
  custom:video-decoder-webm-vp8: 9c59270c3fd7afecdb556c50c9e8de78 -> 
  custom:audio-decoder-ogg-vorbis: bf7c407c2cedff20999df2af8eb42d56 -> 
  custom:audio-encoder-webm-vorbis: bf7c407c2cedff20999df2af8eb42d56 -> 
========================================================================
Received Import Request.
  Time since last request: 117.415669 seconds.
  path: Assets/Resources/AKCondinoO/Plants/Cnidoscolus_quercifolius/Cnidoscolus_quercifolius.prefab
  artifactKey: Guid(dfc4758523511e94788046905b90cabb) Importer(815301076,1909f56bfc062723c751e8b465ee728b)
Start importing Assets/Resources/AKCondinoO/Plants/Cnidoscolus_quercifolius/Cnidoscolus_quercifolius.prefab using Guid(dfc4758523511e94788046905b90cabb) Importer(815301076,1909f56bfc062723c751e8b465ee728b)  -> (artifact id: '36f0cf3e5cdf60e1bae23fac992f7bd3') in 0.070972 seconds 
  Import took 0.073993 seconds .

