Using pre-set license
Built from '2020.3/staging' branch; Version is '2020.3.0f1 (c7b5465681fb) revision 13088070'; Using compiler version '192528614'; Build Type 'Release'
OS: 'Windows 10 Pro; OS build 19043.1237; Version 2009; 64bit' Language: 'pt' Physical Memory: 31649 MB
BatchMode: 1, IsHumanControllingUs: 0, StartBugReporterOnCrash: 0, Is64bit: 1, IsPro: 0

 COMMAND LINE ARGUMENTS:
C:\Program Files\Unity\Hub\Editor\2020.3.0f1\Editor\Unity.exe
-adb2
-batchMode
-noUpm
-name
AssetImportWorker1
-projectPath
E:/Users/Arthur/GitHub/AbSolitudeV5271OSaneador
-logFile
Logs/AssetImportWorker1.log
-srvPort
1156
Successfully changed project path to: E:/Users/Arthur/GitHub/AbSolitudeV5271OSaneador
E:/Users/Arthur/GitHub/AbSolitudeV5271OSaneador
Using Asset Import Pipeline V2.
Refreshing native plugins compatible for Editor in 58.84 ms, found 0 plugins.
Preloading 0 native plugins for Editor in 0.00 ms.
Initialize engine version: 2020.3.0f1 (c7b5465681fb)
[Subsystems] Discovering subsystems at path C:/Program Files/Unity/Hub/Editor/2020.3.0f1/Editor/Data/Resources/UnitySubsystems
[Subsystems] Discovering subsystems at path E:/Users/Arthur/GitHub/AbSolitudeV5271OSaneador/Assets
GfxDevice: creating device client; threaded=0
Direct3D:
    Version:  Direct3D 11.0 [level 11.1]
    Renderer: NVIDIA GeForce RTX 2060 (ID=0x1e89)
    Vendor:   
    VRAM:     5968 MB
    Driver:   30.0.14.7196
Initialize mono
Mono path[0] = 'C:/Program Files/Unity/Hub/Editor/2020.3.0f1/Editor/Data/Managed'
Mono path[1] = 'C:/Program Files/Unity/Hub/Editor/2020.3.0f1/Editor/Data/MonoBleedingEdge/lib/mono/unityjit'
Mono config path = 'C:/Program Files/Unity/Hub/Editor/2020.3.0f1/Editor/Data/MonoBleedingEdge/etc'
Using monoOptions --debugger-agent=transport=dt_socket,embedding=1,server=y,suspend=n,address=127.0.0.1:56460
Begin MonoManager ReloadAssembly
Registering precompiled unity dll's ...
Register platform support module: C:/Program Files/Unity/Hub/Editor/2020.3.0f1/Editor/Data/PlaybackEngines/WindowsStandaloneSupport/UnityEditor.WindowsStandalone.Extensions.dll
Registered in 0.103717 seconds.
Native extension for WindowsStandalone target not found
Refreshing native plugins compatible for Editor in 23.65 ms, found 0 plugins.
Preloading 0 native plugins for Editor in 0.00 ms.
Invoked RoslynAnalysisRunner static constructor.
RoslynAnalysisRunner will not be running.
RoslynAnalysisRunner has terminated.
Mono: successfully reloaded assembly
- Completed reload, in  3.979 seconds
Platform modules already initialized, skipping
Registering precompiled user dll's ...
Registered in 0.258582 seconds.
Begin MonoManager ReloadAssembly
Native extension for WindowsStandalone target not found
Refreshing native plugins compatible for Editor in 0.28 ms, found 0 plugins.
Preloading 0 native plugins for Editor in 0.00 ms.
Invoked RoslynAnalysisRunner static constructor.
RoslynAnalysisRunner will not be running.
RoslynAnalysisRunner has terminated.
Mono: successfully reloaded assembly
- Completed reload, in  3.045 seconds
Platform modules already initialized, skipping
========================================================================
Worker process is ready to serve import requests
Launched and connected shader compiler UnityShaderCompiler.exe after 0.11 seconds
Refreshing native plugins compatible for Editor in 0.28 ms, found 0 plugins.
Preloading 0 native plugins for Editor in 0.00 ms.
Unloading 1750 Unused Serialized files (Serialized files now loaded: 0)
System memory in use before: 89.9 MB.
System memory in use after: 89.9 MB.

Unloading 22 unused Assets to reduce memory usage. Loaded Objects now: 2181.
Total: 2.738900 ms (FindLiveObjects: 0.159500 ms CreateObjectMapping: 0.091000 ms MarkObjects: 2.370100 ms  DeleteObjects: 0.117600 ms)

========================================================================
Received Import Request.
  path: Assets/Scenes/SampleScene.unity
  artifactKey: Guid(9fc0d4010bbf28b4594072e72b8655ab) Importer(815301076,1909f56bfc062723c751e8b465ee728b)
Start importing Assets/Scenes/SampleScene.unity using Guid(9fc0d4010bbf28b4594072e72b8655ab) Importer(815301076,1909f56bfc062723c751e8b465ee728b)  -> (artifact id: '1cf385a48f79aa873dc5440c96f3c20a') in 0.012372 seconds
  Import took 0.014516 seconds .

========================================================================
Received Prepare
Registering precompiled user dll's ...
Registered in 0.002326 seconds.
Begin MonoManager ReloadAssembly
Native extension for WindowsStandalone target not found
Refreshing native plugins compatible for Editor in 0.29 ms, found 0 plugins.
Preloading 0 native plugins for Editor in 0.00 ms.
Invoked RoslynAnalysisRunner static constructor.
RoslynAnalysisRunner will not be running.
RoslynAnalysisRunner has terminated.
Mono: successfully reloaded assembly
- Completed reload, in  0.764 seconds
Platform modules already initialized, skipping
Refreshing native plugins compatible for Editor in 0.27 ms, found 0 plugins.
Preloading 0 native plugins for Editor in 0.00 ms.
Unloading 1743 Unused Serialized files (Serialized files now loaded: 0)
System memory in use before: 89.7 MB.
System memory in use after: 89.8 MB.

Unloading 17 unused Assets to reduce memory usage. Loaded Objects now: 2184.
Total: 2.142600 ms (FindLiveObjects: 0.148300 ms CreateObjectMapping: 0.064000 ms MarkObjects: 1.870800 ms  DeleteObjects: 0.058500 ms)

========================================================================
Received Prepare
Registering precompiled user dll's ...
Registered in 0.002497 seconds.
Begin MonoManager ReloadAssembly
Native extension for WindowsStandalone target not found
Refreshing native plugins compatible for Editor in 0.33 ms, found 0 plugins.
Preloading 0 native plugins for Editor in 0.00 ms.
Invoked RoslynAnalysisRunner static constructor.
RoslynAnalysisRunner will not be running.
RoslynAnalysisRunner has terminated.
Mono: successfully reloaded assembly
- Completed reload, in  0.870 seconds
Platform modules already initialized, skipping
Refreshing native plugins compatible for Editor in 0.28 ms, found 0 plugins.
Preloading 0 native plugins for Editor in 0.00 ms.
Unloading 1743 Unused Serialized files (Serialized files now loaded: 0)
System memory in use before: 89.7 MB.
System memory in use after: 89.8 MB.

Unloading 17 unused Assets to reduce memory usage. Loaded Objects now: 2187.
Total: 2.010300 ms (FindLiveObjects: 0.169400 ms CreateObjectMapping: 0.062100 ms MarkObjects: 1.701200 ms  DeleteObjects: 0.076000 ms)

========================================================================
Received Prepare
Registering precompiled user dll's ...
Registered in 0.002238 seconds.
Begin MonoManager ReloadAssembly
Native extension for WindowsStandalone target not found
Refreshing native plugins compatible for Editor in 0.51 ms, found 0 plugins.
Preloading 0 native plugins for Editor in 0.00 ms.
Invoked RoslynAnalysisRunner static constructor.
RoslynAnalysisRunner will not be running.
RoslynAnalysisRunner has terminated.
Mono: successfully reloaded assembly
- Completed reload, in  0.735 seconds
Platform modules already initialized, skipping
Refreshing native plugins compatible for Editor in 0.29 ms, found 0 plugins.
Preloading 0 native plugins for Editor in 0.00 ms.
Unloading 1743 Unused Serialized files (Serialized files now loaded: 0)
System memory in use before: 89.7 MB.
System memory in use after: 89.8 MB.

Unloading 17 unused Assets to reduce memory usage. Loaded Objects now: 2190.
Total: 1.651800 ms (FindLiveObjects: 0.153500 ms CreateObjectMapping: 0.050300 ms MarkObjects: 1.394400 ms  DeleteObjects: 0.052800 ms)

========================================================================
Received Prepare
Registering precompiled user dll's ...
Registered in 0.002289 seconds.
Begin MonoManager ReloadAssembly
Native extension for WindowsStandalone target not found
Refreshing native plugins compatible for Editor in 0.34 ms, found 0 plugins.
Preloading 0 native plugins for Editor in 0.00 ms.
Invoked RoslynAnalysisRunner static constructor.
RoslynAnalysisRunner will not be running.
RoslynAnalysisRunner has terminated.
Mono: successfully reloaded assembly
- Completed reload, in  0.738 seconds
Platform modules already initialized, skipping
Refreshing native plugins compatible for Editor in 0.28 ms, found 0 plugins.
Preloading 0 native plugins for Editor in 0.00 ms.
Unloading 1743 Unused Serialized files (Serialized files now loaded: 0)
System memory in use before: 89.8 MB.
System memory in use after: 89.9 MB.

Unloading 17 unused Assets to reduce memory usage. Loaded Objects now: 2193.
Total: 1.677100 ms (FindLiveObjects: 0.232400 ms CreateObjectMapping: 0.068300 ms MarkObjects: 1.321300 ms  DeleteObjects: 0.053900 ms)

========================================================================
Received Prepare
Registering precompiled user dll's ...
Registered in 0.002268 seconds.
Begin MonoManager ReloadAssembly
Native extension for WindowsStandalone target not found
Refreshing native plugins compatible for Editor in 0.27 ms, found 0 plugins.
Preloading 0 native plugins for Editor in 0.00 ms.
Invoked RoslynAnalysisRunner static constructor.
RoslynAnalysisRunner will not be running.
RoslynAnalysisRunner has terminated.
Mono: successfully reloaded assembly
- Completed reload, in  0.712 seconds
Platform modules already initialized, skipping
Refreshing native plugins compatible for Editor in 0.27 ms, found 0 plugins.
Preloading 0 native plugins for Editor in 0.00 ms.
Unloading 1743 Unused Serialized files (Serialized files now loaded: 0)
System memory in use before: 89.9 MB.
System memory in use after: 89.9 MB.

Unloading 17 unused Assets to reduce memory usage. Loaded Objects now: 2196.
Total: 2.185600 ms (FindLiveObjects: 0.181400 ms CreateObjectMapping: 0.046300 ms MarkObjects: 1.887500 ms  DeleteObjects: 0.070000 ms)

========================================================================
Received Prepare
Registering precompiled user dll's ...
Registered in 0.002256 seconds.
Begin MonoManager ReloadAssembly
Native extension for WindowsStandalone target not found
Refreshing native plugins compatible for Editor in 0.30 ms, found 0 plugins.
Preloading 0 native plugins for Editor in 0.00 ms.
Invoked RoslynAnalysisRunner static constructor.
RoslynAnalysisRunner will not be running.
RoslynAnalysisRunner has terminated.
Mono: successfully reloaded assembly
- Completed reload, in  0.691 seconds
Platform modules already initialized, skipping
Refreshing native plugins compatible for Editor in 0.28 ms, found 0 plugins.
Preloading 0 native plugins for Editor in 0.00 ms.
Unloading 1743 Unused Serialized files (Serialized files now loaded: 0)
System memory in use before: 89.9 MB.
System memory in use after: 89.9 MB.

Unloading 17 unused Assets to reduce memory usage. Loaded Objects now: 2199.
Total: 2.379900 ms (FindLiveObjects: 0.207900 ms CreateObjectMapping: 0.072200 ms MarkObjects: 2.019500 ms  DeleteObjects: 0.079500 ms)

========================================================================
Received Prepare
Registering precompiled user dll's ...
Registered in 0.002251 seconds.
Begin MonoManager ReloadAssembly
Native extension for WindowsStandalone target not found
Refreshing native plugins compatible for Editor in 0.29 ms, found 0 plugins.
Preloading 0 native plugins for Editor in 0.00 ms.
Invoked RoslynAnalysisRunner static constructor.
RoslynAnalysisRunner will not be running.
RoslynAnalysisRunner has terminated.
Mono: successfully reloaded assembly
- Completed reload, in  0.707 seconds
Platform modules already initialized, skipping
Refreshing native plugins compatible for Editor in 0.27 ms, found 0 plugins.
Preloading 0 native plugins for Editor in 0.00 ms.
Unloading 1743 Unused Serialized files (Serialized files now loaded: 0)
System memory in use before: 89.9 MB.
System memory in use after: 89.9 MB.

Unloading 17 unused Assets to reduce memory usage. Loaded Objects now: 2202.
Total: 1.550900 ms (FindLiveObjects: 0.146100 ms CreateObjectMapping: 0.050600 ms MarkObjects: 1.297500 ms  DeleteObjects: 0.055900 ms)

========================================================================
Received Prepare
Registering precompiled user dll's ...
Registered in 0.002218 seconds.
Begin MonoManager ReloadAssembly
Native extension for WindowsStandalone target not found
Refreshing native plugins compatible for Editor in 0.28 ms, found 0 plugins.
Preloading 0 native plugins for Editor in 0.00 ms.
Invoked RoslynAnalysisRunner static constructor.
RoslynAnalysisRunner will not be running.
RoslynAnalysisRunner has terminated.
Mono: successfully reloaded assembly
- Completed reload, in  0.722 seconds
Platform modules already initialized, skipping
Refreshing native plugins compatible for Editor in 0.27 ms, found 0 plugins.
Preloading 0 native plugins for Editor in 0.00 ms.
Unloading 1743 Unused Serialized files (Serialized files now loaded: 0)
System memory in use before: 89.9 MB.
System memory in use after: 90.0 MB.

Unloading 17 unused Assets to reduce memory usage. Loaded Objects now: 2205.
Total: 2.170800 ms (FindLiveObjects: 0.176700 ms CreateObjectMapping: 0.058000 ms MarkObjects: 1.879400 ms  DeleteObjects: 0.055300 ms)

========================================================================
Received Prepare
Registering precompiled user dll's ...
Registered in 0.002450 seconds.
Begin MonoManager ReloadAssembly
Native extension for WindowsStandalone target not found
Refreshing native plugins compatible for Editor in 0.28 ms, found 0 plugins.
Preloading 0 native plugins for Editor in 0.00 ms.
Invoked RoslynAnalysisRunner static constructor.
RoslynAnalysisRunner will not be running.
RoslynAnalysisRunner has terminated.
Mono: successfully reloaded assembly
- Completed reload, in  0.714 seconds
Platform modules already initialized, skipping
Refreshing native plugins compatible for Editor in 0.27 ms, found 0 plugins.
Preloading 0 native plugins for Editor in 0.00 ms.
Unloading 1743 Unused Serialized files (Serialized files now loaded: 0)
System memory in use before: 89.9 MB.
System memory in use after: 90.0 MB.

Unloading 17 unused Assets to reduce memory usage. Loaded Objects now: 2208.
Total: 1.718000 ms (FindLiveObjects: 0.208500 ms CreateObjectMapping: 0.058900 ms MarkObjects: 1.396400 ms  DeleteObjects: 0.053500 ms)

========================================================================
Received Prepare
Registering precompiled user dll's ...
Registered in 0.002337 seconds.
Begin MonoManager ReloadAssembly
Native extension for WindowsStandalone target not found
Refreshing native plugins compatible for Editor in 0.28 ms, found 0 plugins.
Preloading 0 native plugins for Editor in 0.00 ms.
Invoked RoslynAnalysisRunner static constructor.
RoslynAnalysisRunner will not be running.
RoslynAnalysisRunner has terminated.
Mono: successfully reloaded assembly
- Completed reload, in  0.688 seconds
Platform modules already initialized, skipping
Refreshing native plugins compatible for Editor in 0.27 ms, found 0 plugins.
Preloading 0 native plugins for Editor in 0.00 ms.
Unloading 1743 Unused Serialized files (Serialized files now loaded: 0)
System memory in use before: 89.9 MB.
System memory in use after: 90.0 MB.

Unloading 17 unused Assets to reduce memory usage. Loaded Objects now: 2211.
Total: 1.941100 ms (FindLiveObjects: 0.254000 ms CreateObjectMapping: 0.090700 ms MarkObjects: 1.527400 ms  DeleteObjects: 0.068100 ms)

========================================================================
Received Prepare
Registering precompiled user dll's ...
Registered in 0.002320 seconds.
Begin MonoManager ReloadAssembly
Native extension for WindowsStandalone target not found
Refreshing native plugins compatible for Editor in 0.27 ms, found 0 plugins.
Preloading 0 native plugins for Editor in 0.00 ms.
Invoked RoslynAnalysisRunner static constructor.
RoslynAnalysisRunner will not be running.
RoslynAnalysisRunner has terminated.
Mono: successfully reloaded assembly
- Completed reload, in  0.715 seconds
Platform modules already initialized, skipping
Refreshing native plugins compatible for Editor in 0.27 ms, found 0 plugins.
Preloading 0 native plugins for Editor in 0.00 ms.
Unloading 1743 Unused Serialized files (Serialized files now loaded: 0)
System memory in use before: 89.9 MB.
System memory in use after: 90.0 MB.

Unloading 17 unused Assets to reduce memory usage. Loaded Objects now: 2214.
Total: 2.034400 ms (FindLiveObjects: 0.150000 ms CreateObjectMapping: 0.051700 ms MarkObjects: 1.777400 ms  DeleteObjects: 0.054800 ms)

========================================================================
Received Prepare
Registering precompiled user dll's ...
Registered in 0.002233 seconds.
Begin MonoManager ReloadAssembly
Native extension for WindowsStandalone target not found
Refreshing native plugins compatible for Editor in 0.29 ms, found 0 plugins.
Preloading 0 native plugins for Editor in 0.00 ms.
Invoked RoslynAnalysisRunner static constructor.
RoslynAnalysisRunner will not be running.
RoslynAnalysisRunner has terminated.
Mono: successfully reloaded assembly
- Completed reload, in  0.692 seconds
Platform modules already initialized, skipping
Refreshing native plugins compatible for Editor in 0.27 ms, found 0 plugins.
Preloading 0 native plugins for Editor in 0.00 ms.
Unloading 1743 Unused Serialized files (Serialized files now loaded: 0)
System memory in use before: 89.9 MB.
System memory in use after: 90.0 MB.

Unloading 17 unused Assets to reduce memory usage. Loaded Objects now: 2217.
Total: 2.229400 ms (FindLiveObjects: 0.227300 ms CreateObjectMapping: 0.067300 ms MarkObjects: 1.874300 ms  DeleteObjects: 0.059700 ms)

========================================================================
Received Prepare
Registering precompiled user dll's ...
Registered in 0.002287 seconds.
Begin MonoManager ReloadAssembly
Native extension for WindowsStandalone target not found
Refreshing native plugins compatible for Editor in 0.27 ms, found 0 plugins.
Preloading 0 native plugins for Editor in 0.00 ms.
Invoked RoslynAnalysisRunner static constructor.
RoslynAnalysisRunner will not be running.
RoslynAnalysisRunner has terminated.
Mono: successfully reloaded assembly
- Completed reload, in  0.696 seconds
Platform modules already initialized, skipping
Refreshing native plugins compatible for Editor in 0.30 ms, found 0 plugins.
Preloading 0 native plugins for Editor in 0.00 ms.
Unloading 1743 Unused Serialized files (Serialized files now loaded: 0)
System memory in use before: 89.9 MB.
System memory in use after: 90.0 MB.

Unloading 17 unused Assets to reduce memory usage. Loaded Objects now: 2220.
Total: 1.946900 ms (FindLiveObjects: 0.168600 ms CreateObjectMapping: 0.056900 ms MarkObjects: 1.660300 ms  DeleteObjects: 0.060200 ms)

========================================================================
Received Prepare
Registering precompiled user dll's ...
Registered in 0.002318 seconds.
Begin MonoManager ReloadAssembly
Native extension for WindowsStandalone target not found
Refreshing native plugins compatible for Editor in 0.28 ms, found 0 plugins.
Preloading 0 native plugins for Editor in 0.00 ms.
Invoked RoslynAnalysisRunner static constructor.
RoslynAnalysisRunner will not be running.
RoslynAnalysisRunner has terminated.
Mono: successfully reloaded assembly
- Completed reload, in  0.809 seconds
Platform modules already initialized, skipping
Refreshing native plugins compatible for Editor in 0.28 ms, found 0 plugins.
Preloading 0 native plugins for Editor in 0.00 ms.
Unloading 1743 Unused Serialized files (Serialized files now loaded: 0)
System memory in use before: 89.9 MB.
System memory in use after: 90.0 MB.

Unloading 17 unused Assets to reduce memory usage. Loaded Objects now: 2223.
Total: 2.563600 ms (FindLiveObjects: 0.152600 ms CreateObjectMapping: 0.058200 ms MarkObjects: 2.283600 ms  DeleteObjects: 0.068100 ms)

========================================================================
Received Prepare
Registering precompiled user dll's ...
Registered in 0.002480 seconds.
Begin MonoManager ReloadAssembly
Native extension for WindowsStandalone target not found
Refreshing native plugins compatible for Editor in 0.31 ms, found 0 plugins.
Preloading 0 native plugins for Editor in 0.00 ms.
Invoked RoslynAnalysisRunner static constructor.
RoslynAnalysisRunner will not be running.
RoslynAnalysisRunner has terminated.
Mono: successfully reloaded assembly
- Completed reload, in  0.742 seconds
Platform modules already initialized, skipping
Refreshing native plugins compatible for Editor in 0.27 ms, found 0 plugins.
Preloading 0 native plugins for Editor in 0.00 ms.
Unloading 1743 Unused Serialized files (Serialized files now loaded: 0)
System memory in use before: 89.9 MB.
System memory in use after: 90.0 MB.

Unloading 17 unused Assets to reduce memory usage. Loaded Objects now: 2226.
Total: 2.014600 ms (FindLiveObjects: 0.293700 ms CreateObjectMapping: 0.114200 ms MarkObjects: 1.537900 ms  DeleteObjects: 0.067300 ms)

========================================================================
Received Prepare
Registering precompiled user dll's ...
Registered in 0.002294 seconds.
Begin MonoManager ReloadAssembly
Native extension for WindowsStandalone target not found
Refreshing native plugins compatible for Editor in 0.27 ms, found 0 plugins.
Preloading 0 native plugins for Editor in 0.00 ms.
Invoked RoslynAnalysisRunner static constructor.
RoslynAnalysisRunner will not be running.
RoslynAnalysisRunner has terminated.
Mono: successfully reloaded assembly
- Completed reload, in  0.705 seconds
Platform modules already initialized, skipping
Refreshing native plugins compatible for Editor in 0.28 ms, found 0 plugins.
Preloading 0 native plugins for Editor in 0.00 ms.
Unloading 1743 Unused Serialized files (Serialized files now loaded: 0)
System memory in use before: 89.9 MB.
System memory in use after: 90.0 MB.

Unloading 17 unused Assets to reduce memory usage. Loaded Objects now: 2229.
Total: 2.169700 ms (FindLiveObjects: 0.184000 ms CreateObjectMapping: 0.070000 ms MarkObjects: 1.851100 ms  DeleteObjects: 0.063500 ms)

========================================================================
Received Prepare
Registering precompiled user dll's ...
Registered in 0.003521 seconds.
Begin MonoManager ReloadAssembly
Native extension for WindowsStandalone target not found
Refreshing native plugins compatible for Editor in 0.50 ms, found 0 plugins.
Preloading 0 native plugins for Editor in 0.00 ms.
Invoked RoslynAnalysisRunner static constructor.
RoslynAnalysisRunner will not be running.
RoslynAnalysisRunner has terminated.
Mono: successfully reloaded assembly
- Completed reload, in  0.693 seconds
Platform modules already initialized, skipping
Refreshing native plugins compatible for Editor in 0.27 ms, found 0 plugins.
Preloading 0 native plugins for Editor in 0.00 ms.
Unloading 1743 Unused Serialized files (Serialized files now loaded: 0)
System memory in use before: 89.9 MB.
System memory in use after: 90.0 MB.

Unloading 17 unused Assets to reduce memory usage. Loaded Objects now: 2232.
Total: 2.119900 ms (FindLiveObjects: 0.174900 ms CreateObjectMapping: 0.057500 ms MarkObjects: 1.829600 ms  DeleteObjects: 0.057000 ms)

AssetImportWorkerClient::OnTransportError - code=2 error=End of file
